<?xml version="1.0" encoding="UTF-8"?>
<!-- Generated by org.testng.reporters.JUnitReportReporter -->
<testsuite hostname="DESKTOP-KNCV8DD" failures="0" tests="3" name="TestNG1.TestCase1" time="0.007" errors="0" timestamp="2022-11-17T14:17:02 BDT" skipped="0">
  <testcase classname="TestNG1.TestCase1" name="setup" time="0.005"/>
  <system-out/>
  <testcase classname="TestNG1.TestCase1" name="testSteps" time="0.000"/>
  <system-out/>
  <testcase classname="TestNG1.TestCase1" name="tearDown" time="0.002"/>
  <system-out/>
</testsuite> <!-- TestNG1.TestCase1 -->
